<?xml version="1.0" encoding="UTF-8"?>
<testng-results skipped="0" failed="0" total="1" passed="1">
  <reporter-output>
  </reporter-output>
  <suite name="Suite" duration-ms="24" started-at="2017-09-07T08:01:51Z" finished-at="2017-09-07T08:01:51Z">
    <groups>
    </groups>
    <test name="Test" duration-ms="24" started-at="2017-09-07T08:01:51Z" finished-at="2017-09-07T08:01:51Z">
      <class name="testing.NewTest">
        <test-method status="PASS" signature="f()[pri:0, instance:testing.NewTest@2cfb4a64]" name="f" duration-ms="8" started-at="2017-09-07T13:31:51Z" finished-at="2017-09-07T13:31:51Z">
          <reporter-output>
          </reporter-output>
        </test-method> <!-- f -->
      </class> <!-- testing.NewTest -->
    </test> <!-- Test -->
  </suite> <!-- Suite -->
</testng-results>
